  [1m[35m (1306.4ms)[0m  [1m[35mCREATE DATABASE "library_development" ENCODING = 'unicode'[0m
  [1m[35m (1207.0ms)[0m  [1m[35mCREATE DATABASE "library_test" ENCODING = 'unicode'[0m
  [1m[35m (26.7ms)[0m  [1m[35mCREATE TABLE "schema_migrations" ("version" character varying NOT NULL PRIMARY KEY)[0m
  [1m[35m (22.4ms)[0m  [1m[35mCREATE TABLE "ar_internal_metadata" ("key" character varying NOT NULL PRIMARY KEY, "value" character varying, "created_at" timestamp(6) NOT NULL, "updated_at" timestamp(6) NOT NULL)[0m
  [1m[35m (0.3ms)[0m  [1m[34mSELECT pg_try_advisory_lock(5288427128707212630)[0m
  [1m[36mActiveRecord::SchemaMigration Pluck (0.4ms)[0m  [1m[34mSELECT "schema_migrations"."version" FROM "schema_migrations" ORDER BY "schema_migrations"."version" ASC[0m
Migrating to CreateTable (20221216031112)
  [1m[36mTRANSACTION (0.3ms)[0m  [1m[35mBEGIN[0m
  [1m[35m (0.6ms)[0m  [1m[35mDROP TABLE IF EXISTS "books" CASCADE[0m
  [1m[35m (18.7ms)[0m  [1m[35mCREATE TABLE "books" ("id" bigserial primary key, "title" character varying NOT NULL, "author" character varying NOT NULL, "year" integer, "category" character varying, "description" text, "created_at" timestamp(6) NOT NULL, "updated_at" timestamp(6) NOT NULL)[0m
  [1m[36mActiveRecord::SchemaMigration Create (0.8ms)[0m  [1m[32mINSERT INTO "schema_migrations" ("version") VALUES ($1) RETURNING "version"[0m  [["version", "20221216031112"]]
  [1m[36mTRANSACTION (4.3ms)[0m  [1m[35mCOMMIT[0m
  [1m[36mActiveRecord::InternalMetadata Load (0.4ms)[0m  [1m[34mSELECT "ar_internal_metadata".* FROM "ar_internal_metadata" WHERE "ar_internal_metadata"."key" = $1 LIMIT $2[0m  [["key", "environment"], ["LIMIT", 1]]
  [1m[36mTRANSACTION (0.2ms)[0m  [1m[35mBEGIN[0m
  [1m[36mActiveRecord::InternalMetadata Create (0.6ms)[0m  [1m[32mINSERT INTO "ar_internal_metadata" ("key", "value", "created_at", "updated_at") VALUES ($1, $2, $3, $4) RETURNING "key"[0m  [["key", "environment"], ["value", "development"], ["created_at", "2022-12-16 03:18:44.228115"], ["updated_at", "2022-12-16 03:18:44.228115"]]
  [1m[36mTRANSACTION (4.0ms)[0m  [1m[35mCOMMIT[0m
  [1m[35m (0.4ms)[0m  [1m[34mSELECT pg_advisory_unlock(5288427128707212630)[0m
  [1m[36mActiveRecord::SchemaMigration Pluck (0.7ms)[0m  [1m[34mSELECT "schema_migrations"."version" FROM "schema_migrations" ORDER BY "schema_migrations"."version" ASC[0m
Started GET "/" for ::1 at 2022-12-15 22:37:04 -0500
  [1m[36mActiveRecord::SchemaMigration Pluck (0.4ms)[0m  [1m[34mSELECT "schema_migrations"."version" FROM "schema_migrations" ORDER BY "schema_migrations"."version" ASC[0m
Processing by Rails::WelcomeController#index as HTML
  Rendering /home/elpopes/.rbenv/versions/3.1.1/lib/ruby/gems/3.1.0/gems/railties-7.0.4/lib/rails/templates/rails/welcome/index.html.erb
  Rendered /home/elpopes/.rbenv/versions/3.1.1/lib/ruby/gems/3.1.0/gems/railties-7.0.4/lib/rails/templates/rails/welcome/index.html.erb (Duration: 0.8ms | Allocations: 526)
Completed 200 OK in 5ms (Views: 2.9ms | ActiveRecord: 0.0ms | Allocations: 2803)


Started GET "/" for ::1 at 2022-12-15 22:37:17 -0500
Processing by Rails::WelcomeController#index as HTML
  Rendering /home/elpopes/.rbenv/versions/3.1.1/lib/ruby/gems/3.1.0/gems/railties-7.0.4/lib/rails/templates/rails/welcome/index.html.erb
  Rendered /home/elpopes/.rbenv/versions/3.1.1/lib/ruby/gems/3.1.0/gems/railties-7.0.4/lib/rails/templates/rails/welcome/index.html.erb (Duration: 0.7ms | Allocations: 278)
Completed 200 OK in 2ms (Views: 1.8ms | ActiveRecord: 0.0ms | Allocations: 916)


  [1m[36mActiveRecord::SchemaMigration Pluck (0.4ms)[0m  [1m[34mSELECT "schema_migrations"."version" FROM "schema_migrations" ORDER BY "schema_migrations"."version" ASC[0m
  [1m[36mActiveRecord::SchemaMigration Pluck (0.4ms)[0m  [1m[34mSELECT "schema_migrations"."version" FROM "schema_migrations" ORDER BY "schema_migrations"."version" ASC[0m
  [1m[36mActiveRecord::SchemaMigration Pluck (0.4ms)[0m  [1m[34mSELECT "schema_migrations"."version" FROM "schema_migrations" ORDER BY "schema_migrations"."version" ASC[0m
  [1m[36mActiveRecord::SchemaMigration Pluck (0.4ms)[0m  [1m[34mSELECT "schema_migrations"."version" FROM "schema_migrations" ORDER BY "schema_migrations"."version" ASC[0m
  [1m[36mActiveRecord::SchemaMigration Pluck (0.4ms)[0m  [1m[34mSELECT "schema_migrations"."version" FROM "schema_migrations" ORDER BY "schema_migrations"."version" ASC[0m
  [1m[36mActiveRecord::SchemaMigration Pluck (0.4ms)[0m  [1m[34mSELECT "schema_migrations"."version" FROM "schema_migrations" ORDER BY "schema_migrations"."version" ASC[0m
  [1m[36mTRANSACTION (0.2ms)[0m  [1m[35mBEGIN[0m
  [1m[36mBook Load (0.4ms)[0m  [1m[34mSELECT "books".* FROM "books"[0m
  [1m[36mBook Create (0.7ms)[0m  [1m[32mINSERT INTO "books" ("title", "author", "year", "category", "description", "created_at", "updated_at") VALUES ($1, $2, $3, $4, $5, $6, $7) RETURNING "id"[0m  [["title", "all_knowing_elliot"], ["author", "C"], ["year", 2011], ["category", nil], ["description", "those_are_teef@aa.io"], ["created_at", "2022-12-16 03:59:13.050074"], ["updated_at", "2022-12-16 03:59:13.050074"]]
  [1m[36mBook Create (0.3ms)[0m  [1m[32mINSERT INTO "books" ("title", "author", "year", "category", "description", "created_at", "updated_at") VALUES ($1, $2, $3, $4, $5, $6, $7) RETURNING "id"[0m  [["title", "will_climb_rocks"], ["author", "JavaScript"], ["year", 2011], ["category", nil], ["description", "boulderz@aa.io"], ["created_at", "2022-12-16 03:59:13.052903"], ["updated_at", "2022-12-16 03:59:13.052903"]]
  [1m[36mBook Create (0.3ms)[0m  [1m[32mINSERT INTO "books" ("title", "author", "year", "category", "description", "created_at", "updated_at") VALUES ($1, $2, $3, $4, $5, $6, $7) RETURNING "id"[0m  [["title", "dean_machine"], ["author", "Ruby"], ["year", 2011], ["category", nil], ["description", "deans_diary@aa.io"], ["created_at", "2022-12-16 03:59:13.054080"], ["updated_at", "2022-12-16 03:59:13.054080"]]
  [1m[36mBook Create (0.3ms)[0m  [1m[32mINSERT INTO "books" ("title", "author", "year", "category", "description", "created_at", "updated_at") VALUES ($1, $2, $3, $4, $5, $6, $7) RETURNING "id"[0m  [["title", "loves_capy"], ["author", "JavaScript"], ["year", 2011], ["category", nil], ["description", "chosenone@aa.io"], ["created_at", "2022-12-16 03:59:13.055516"], ["updated_at", "2022-12-16 03:59:13.055516"]]
  [1m[36mBook Create (0.3ms)[0m  [1m[32mINSERT INTO "books" ("title", "author", "year", "category", "description", "created_at", "updated_at") VALUES ($1, $2, $3, $4, $5, $6, $7) RETURNING "id"[0m  [["title", "charlos_gets_buckets"], ["author", "Ruby"], ["year", 2011], ["category", nil], ["description", "ballin@aa.io"], ["created_at", "2022-12-16 03:59:13.056678"], ["updated_at", "2022-12-16 03:59:13.056678"]]
  [1m[36mBook Create (0.3ms)[0m  [1m[32mINSERT INTO "books" ("title", "author", "year", "category", "description", "created_at", "updated_at") VALUES ($1, $2, $3, $4, $5, $6, $7) RETURNING "id"[0m  [["title", "cow_luva"], ["author", "JavaScript"], ["year", 2011], ["category", nil], ["description", "cows@aa.io"], ["created_at", "2022-12-16 03:59:13.057961"], ["updated_at", "2022-12-16 03:59:13.057961"]]
  [1m[36mBook Create (0.3ms)[0m  [1m[32mINSERT INTO "books" ("title", "author", "year", "category", "description", "created_at", "updated_at") VALUES ($1, $2, $3, $4, $5, $6, $7) RETURNING "id"[0m  [["title", "trader_joes_4lyf3"], ["author", "Ruby"], ["year", 2011], ["category", nil], ["description", "thetraderjoe@aa.io"], ["created_at", "2022-12-16 03:59:13.059117"], ["updated_at", "2022-12-16 03:59:13.059117"]]
  [1m[36mBook Create (0.4ms)[0m  [1m[32mINSERT INTO "books" ("title", "author", "year", "category", "description", "created_at", "updated_at") VALUES ($1, $2, $3, $4, $5, $6, $7) RETURNING "id"[0m  [["title", "wakka_wakka"], ["author", "JavaScript"], ["year", 2011], ["category", nil], ["description", "wakka@wakka.walking"], ["created_at", "2022-12-16 03:59:13.060554"], ["updated_at", "2022-12-16 03:59:13.060554"]]
  [1m[36mBook Create (0.3ms)[0m  [1m[32mINSERT INTO "books" ("title", "author", "year", "category", "description", "created_at", "updated_at") VALUES ($1, $2, $3, $4, $5, $6, $7) RETURNING "id"[0m  [["title", "like_mike"], ["author", "Ruby"], ["year", 2011], ["category", nil], ["description", "mike@aa.io"], ["created_at", "2022-12-16 03:59:13.062177"], ["updated_at", "2022-12-16 03:59:13.062177"]]
  [1m[36mBook Create (0.3ms)[0m  [1m[32mINSERT INTO "books" ("title", "author", "year", "category", "description", "created_at", "updated_at") VALUES ($1, $2, $3, $4, $5, $6, $7) RETURNING "id"[0m  [["title", "michelle_bell"], ["author", "JavaScript"], ["year", 2011], ["category", nil], ["description", "michelle@aa.io"], ["created_at", "2022-12-16 03:59:13.063374"], ["updated_at", "2022-12-16 03:59:13.063374"]]
  [1m[36mBook Create (0.3ms)[0m  [1m[32mINSERT INTO "books" ("title", "author", "year", "category", "description", "created_at", "updated_at") VALUES ($1, $2, $3, $4, $5, $6, $7) RETURNING "id"[0m  [["title", "the_vanessa"], ["author", "Ruby"], ["year", 2011], ["category", nil], ["description", "vanessa@aa.io"], ["created_at", "2022-12-16 03:59:13.064690"], ["updated_at", "2022-12-16 03:59:13.064690"]]
  [1m[36mBook Create (0.3ms)[0m  [1m[32mINSERT INTO "books" ("title", "author", "year", "category", "description", "created_at", "updated_at") VALUES ($1, $2, $3, $4, $5, $6, $7) RETURNING "id"[0m  [["title", "jen_ken_intensifies"], ["author", "JavaScript"], ["year", 2011], ["category", nil], ["description", "jen@aa.io"], ["created_at", "2022-12-16 03:59:13.065905"], ["updated_at", "2022-12-16 03:59:13.065905"]]
  [1m[36mBook Create (0.3ms)[0m  [1m[32mINSERT INTO "books" ("title", "author", "year", "category", "description", "created_at", "updated_at") VALUES ($1, $2, $3, $4, $5, $6, $7) RETURNING "id"[0m  [["title", "instructors_rock"], ["author", "Instructors"], ["year", 52], ["category", nil], ["description", "giveus@money.now"], ["created_at", "2022-12-16 03:59:13.067325"], ["updated_at", "2022-12-16 03:59:13.067325"]]
  [1m[36mTRANSACTION (5.5ms)[0m  [1m[35mCOMMIT[0m
Started GET "/" for ::1 at 2022-12-15 22:59:41 -0500
  [1m[36mActiveRecord::SchemaMigration Pluck (0.7ms)[0m  [1m[34mSELECT "schema_migrations"."version" FROM "schema_migrations" ORDER BY "schema_migrations"."version" ASC[0m
Processing by Rails::WelcomeController#index as HTML
  Rendering /home/elpopes/.rbenv/versions/3.1.1/lib/ruby/gems/3.1.0/gems/railties-7.0.4/lib/rails/templates/rails/welcome/index.html.erb
  Rendered /home/elpopes/.rbenv/versions/3.1.1/lib/ruby/gems/3.1.0/gems/railties-7.0.4/lib/rails/templates/rails/welcome/index.html.erb (Duration: 0.9ms | Allocations: 526)
Completed 200 OK in 5ms (Views: 3.1ms | ActiveRecord: 0.0ms | Allocations: 2803)


Started GET "/books" for ::1 at 2022-12-15 23:02:28 -0500
  
ActionController::RoutingError (No route matches [GET] "/books"):
  
Started GET "/books" for ::1 at 2022-12-15 23:03:27 -0500
  
ActionController::RoutingError (No route matches [GET] "/books"):
  
Started GET "/books" for ::1 at 2022-12-15 23:04:39 -0500
  
ActionController::RoutingError (No route matches [GET] "/books"):
  
Started GET "/book" for ::1 at 2022-12-15 23:04:52 -0500
  
ActionController::RoutingError (No route matches [GET] "/book"):
  
Started GET "/bookk" for ::1 at 2022-12-15 23:05:14 -0500
  
ActionController::RoutingError (No route matches [GET] "/bookk"):
  
Started GET "/book" for ::1 at 2022-12-15 23:07:00 -0500
  
ActionController::RoutingError (No route matches [GET] "/book"):
  
Started POST "/book" for ::1 at 2022-12-15 23:07:09 -0500
  
ActionController::RoutingError (No route matches [POST] "/book"):
  
Started PATCH "/book" for ::1 at 2022-12-15 23:07:14 -0500
  
ActionController::RoutingError (No route matches [PATCH] "/book"):
  
Started GET "/book" for ::1 at 2022-12-15 23:09:19 -0500
  
ActionController::RoutingError (No route matches [GET] "/book"):
  
Started GET "/" for 127.0.0.1 at 2022-12-15 23:09:50 -0500
  [1m[36mActiveRecord::SchemaMigration Pluck (0.4ms)[0m  [1m[34mSELECT "schema_migrations"."version" FROM "schema_migrations" ORDER BY "schema_migrations"."version" ASC[0m
Processing by Rails::WelcomeController#index as */*
  Rendering /home/elpopes/.rbenv/versions/3.1.1/lib/ruby/gems/3.1.0/gems/railties-7.0.4/lib/rails/templates/rails/welcome/index.html.erb
  Rendered /home/elpopes/.rbenv/versions/3.1.1/lib/ruby/gems/3.1.0/gems/railties-7.0.4/lib/rails/templates/rails/welcome/index.html.erb (Duration: 0.8ms | Allocations: 526)
Completed 200 OK in 4ms (Views: 2.9ms | ActiveRecord: 0.0ms | Allocations: 2843)


Started GET "/books" for 127.0.0.1 at 2022-12-15 23:09:58 -0500

NoMethodError - undefined method `default_protect_from_forgery=' for nil:NilClass
    config.action_controller.default_protect_from_forgery = false
                            ^^^^^^^^^^^^^^^^^^^^^^^^^^^^^^^:
  app/controllers/application_controller.rb:2:in `<class:ApplicationController>'
  app/controllers/application_controller.rb:1:in `<top (required)>'
  app/controllers/books_controller.rb:1:in `<top (required)>'

Started GET "/books" for 127.0.0.1 at 2022-12-15 23:11:16 -0500
Processing by BooksController#index as */*
  [1m[36mBook Load (0.7ms)[0m  [1m[34mSELECT "books".* FROM "books"[0m
  ↳ app/controllers/books_controller.rb:4:in `index'
Completed 200 OK in 14ms (Views: 9.2ms | ActiveRecord: 4.2ms | Allocations: 8880)


Started GET "/books" for ::1 at 2022-12-15 23:11:52 -0500
Processing by BooksController#index as */*
  [1m[36mBook Load (0.4ms)[0m  [1m[34mSELECT "books".* FROM "books"[0m
  ↳ app/controllers/books_controller.rb:4:in `index'
Completed 200 OK in 3ms (Views: 2.9ms | ActiveRecord: 0.4ms | Allocations: 2242)


Started GET "/books" for ::1 at 2022-12-15 23:12:36 -0500
Processing by BooksController#index as */*
  [1m[36mBook Load (0.3ms)[0m  [1m[34mSELECT "books".* FROM "books"[0m
  ↳ app/controllers/books_controller.rb:4:in `index'
Completed 200 OK in 3ms (Views: 2.5ms | ActiveRecord: 0.3ms | Allocations: 2142)


Started GET "/books" for ::1 at 2022-12-15 23:14:45 -0500
Processing by BooksController#index as HTML
  Rendering layout layouts/application.html.erb
  Rendering books/index.html.erb within layouts/application
  Rendered books/index.html.erb within layouts/application (Duration: 0.3ms | Allocations: 107)
  Rendered layout layouts/application.html.erb (Duration: 16.5ms | Allocations: 6567)
Completed 200 OK in 19ms (Views: 17.7ms | ActiveRecord: 0.0ms | Allocations: 8002)


Started GET "/books" for ::1 at 2022-12-15 23:21:22 -0500
Processing by BooksController#index as HTML
  Rendering layout layouts/application.html.erb
  Rendering books/index.html.erb within layouts/application
  [1m[36mBook Load (0.5ms)[0m  [1m[34mSELECT "books".* FROM "books"[0m
  ↳ app/views/books/index.html.erb:3
  Rendered books/index.html.erb within layouts/application (Duration: 28.7ms | Allocations: 6122)
  Rendered layout layouts/application.html.erb (Duration: 31.7ms | Allocations: 7635)
Completed 200 OK in 34ms (Views: 32.9ms | ActiveRecord: 19.0ms | Allocations: 9036)


Started GET "/books" for ::1 at 2022-12-15 23:21:59 -0500
Processing by BooksController#index as HTML
  Rendering layout layouts/application.html.erb
  Rendering books/index.html.erb within layouts/application
  [1m[36mBook Load (0.4ms)[0m  [1m[34mSELECT "books".* FROM "books"[0m
  ↳ app/views/books/index.html.erb:3
  Rendered books/index.html.erb within layouts/application (Duration: 2.6ms | Allocations: 1002)
  Rendered layout layouts/application.html.erb (Duration: 4.7ms | Allocations: 2485)
Completed 200 OK in 6ms (Views: 5.4ms | ActiveRecord: 0.4ms | Allocations: 3188)


Started GET "/books" for ::1 at 2022-12-15 23:32:33 -0500
Processing by BooksController#index as HTML
  Rendering layout layouts/application.html.erb
  Rendering books/index.html.erb within layouts/application
  [1m[36mBook Load (0.6ms)[0m  [1m[34mSELECT "books".* FROM "books"[0m
  ↳ app/views/books/index.html.erb:3
  Rendered books/index.html.erb within layouts/application (Duration: 4.0ms | Allocations: 1007)
  Rendered layout layouts/application.html.erb (Duration: 7.5ms | Allocations: 2499)
Completed 200 OK in 10ms (Views: 8.5ms | ActiveRecord: 0.6ms | Allocations: 3200)


Started GET "/books/1" for ::1 at 2022-12-15 23:35:52 -0500
Processing by BooksController#show as HTML
  Parameters: {"id"=>"1"}
  [1m[36mBook Load (0.4ms)[0m  [1m[34mSELECT "books".* FROM "books" WHERE "books"."id" = $1 LIMIT $2[0m  [["id", 1], ["LIMIT", 1]]
  ↳ app/controllers/books_controller.rb:8:in `show'
  Rendering layout layouts/application.html.erb
  Rendering books/show.html.erb within layouts/application
  Rendered books/show.html.erb within layouts/application (Duration: 0.3ms | Allocations: 133)
  Rendered layout layouts/application.html.erb (Duration: 2.7ms | Allocations: 1622)
Completed 200 OK in 16ms (Views: 4.5ms | ActiveRecord: 3.5ms | Allocations: 8781)


Started GET "/books/1" for ::1 at 2022-12-15 23:37:58 -0500
Processing by BooksController#show as HTML
  Parameters: {"id"=>"1"}
  [1m[36mBook Load (0.4ms)[0m  [1m[34mSELECT "books".* FROM "books" WHERE "books"."id" = $1 LIMIT $2[0m  [["id", 1], ["LIMIT", 1]]
  ↳ app/controllers/books_controller.rb:8:in `show'
  Rendering layout layouts/application.html.erb
  Rendering books/show.html.erb within layouts/application
  Rendered books/show.html.erb within layouts/application (Duration: 0.7ms | Allocations: 180)
  Rendered layout layouts/application.html.erb (Duration: 3.5ms | Allocations: 1650)
Completed 200 OK in 8ms (Views: 5.4ms | ActiveRecord: 0.4ms | Allocations: 2912)


Started GET "/books/1" for ::1 at 2022-12-15 23:39:34 -0500
Processing by BooksController#show as HTML
  Parameters: {"id"=>"1"}
  [1m[36mBook Load (0.3ms)[0m  [1m[34mSELECT "books".* FROM "books" WHERE "books"."id" = $1 LIMIT $2[0m  [["id", 1], ["LIMIT", 1]]
  ↳ app/controllers/books_controller.rb:8:in `show'
  Rendering layout layouts/application.html.erb
  Rendering books/show.html.erb within layouts/application
  Rendered books/show.html.erb within layouts/application (Duration: 0.3ms | Allocations: 195)
  Rendered layout layouts/application.html.erb (Duration: 2.5ms | Allocations: 1680)
Completed 200 OK in 6ms (Views: 3.8ms | ActiveRecord: 0.3ms | Allocations: 2943)


Started GET "/books/100" for ::1 at 2022-12-15 23:40:14 -0500
Processing by BooksController#show as HTML
  Parameters: {"id"=>"100"}
  [1m[36mBook Load (0.5ms)[0m  [1m[34mSELECT "books".* FROM "books" WHERE "books"."id" = $1 LIMIT $2[0m  [["id", 100], ["LIMIT", 1]]
  ↳ app/controllers/books_controller.rb:8:in `show'
  Rendering layout layouts/application.html.erb
  Rendering books/show.html.erb within layouts/application
  Rendered books/show.html.erb within layouts/application (Duration: 4.5ms | Allocations: 3360)
  Rendered layout layouts/application.html.erb (Duration: 5.5ms | Allocations: 3452)
Completed 500 Internal Server Error in 10ms (ActiveRecord: 0.5ms | Allocations: 4235)



NoMethodError - undefined method `title' for nil:NilClass:
  app/views/books/show.html.erb:1
  app/controllers/books_controller.rb:9:in `show'

Started POST "/__better_errors/2b8bf1a28b060df3/variables" for ::1 at 2022-12-15 23:40:14 -0500
Started GET "/books/100" for ::1 at 2022-12-15 23:44:03 -0500
Processing by BooksController#show as HTML
  Parameters: {"id"=>"100"}
  [1m[36mBook Load (0.4ms)[0m  [1m[34mSELECT "books".* FROM "books" WHERE "books"."id" = $1 LIMIT $2[0m  [["id", 100], ["LIMIT", 1]]
  ↳ app/controllers/books_controller.rb:8:in `show'
Redirected to http://localhost:3000/books
Completed 302 Found in 6ms (ActiveRecord: 1.7ms | Allocations: 2964)


Started GET "/books" for ::1 at 2022-12-15 23:44:03 -0500
Processing by BooksController#index as HTML
  Rendering layout layouts/application.html.erb
  Rendering books/index.html.erb within layouts/application
  [1m[36mBook Load (0.3ms)[0m  [1m[34mSELECT "books".* FROM "books"[0m
  ↳ app/views/books/index.html.erb:3
  Rendered books/index.html.erb within layouts/application (Duration: 5.2ms | Allocations: 2783)
  Rendered layout layouts/application.html.erb (Duration: 7.3ms | Allocations: 4160)
Completed 200 OK in 8ms (Views: 6.3ms | ActiveRecord: 1.9ms | Allocations: 4720)


Started GET "/2" for ::1 at 2022-12-15 23:44:13 -0500
  
ActionController::RoutingError (No route matches [GET] "/2"):
  
Started GET "/1" for ::1 at 2022-12-15 23:44:20 -0500
  
ActionController::RoutingError (No route matches [GET] "/1"):
  
Started GET "/" for ::1 at 2022-12-15 23:44:30 -0500
Processing by Rails::WelcomeController#index as HTML
  Rendering /home/elpopes/.rbenv/versions/3.1.1/lib/ruby/gems/3.1.0/gems/railties-7.0.4/lib/rails/templates/rails/welcome/index.html.erb
  Rendered /home/elpopes/.rbenv/versions/3.1.1/lib/ruby/gems/3.1.0/gems/railties-7.0.4/lib/rails/templates/rails/welcome/index.html.erb (Duration: 1.8ms | Allocations: 276)
Completed 200 OK in 5ms (Views: 4.2ms | ActiveRecord: 0.0ms | Allocations: 809)


Started GET "/books/1" for ::1 at 2022-12-15 23:44:52 -0500
Processing by BooksController#show as HTML
  Parameters: {"id"=>"1"}
  [1m[36mBook Load (0.4ms)[0m  [1m[34mSELECT "books".* FROM "books" WHERE "books"."id" = $1 LIMIT $2[0m  [["id", 1], ["LIMIT", 1]]
  ↳ app/controllers/books_controller.rb:8:in `show'
  Rendering layout layouts/application.html.erb
  Rendering books/show.html.erb within layouts/application
  Rendered books/show.html.erb within layouts/application (Duration: 0.1ms | Allocations: 26)
  Rendered layout layouts/application.html.erb (Duration: 2.2ms | Allocations: 1287)
Completed 200 OK in 5ms (Views: 2.8ms | ActiveRecord: 0.4ms | Allocations: 2072)


Started GET "/books/10" for ::1 at 2022-12-15 23:45:04 -0500
Processing by BooksController#show as HTML
  Parameters: {"id"=>"10"}
  [1m[36mBook Load (0.3ms)[0m  [1m[34mSELECT "books".* FROM "books" WHERE "books"."id" = $1 LIMIT $2[0m  [["id", 10], ["LIMIT", 1]]
  ↳ app/controllers/books_controller.rb:8:in `show'
  Rendering layout layouts/application.html.erb
  Rendering books/show.html.erb within layouts/application
  Rendered books/show.html.erb within layouts/application (Duration: 0.1ms | Allocations: 15)
  Rendered layout layouts/application.html.erb (Duration: 1.7ms | Allocations: 1127)
Completed 200 OK in 4ms (Views: 2.2ms | ActiveRecord: 0.3ms | Allocations: 1832)


Started GET "/books/new" for ::1 at 2022-12-16 06:58:43 -0500
Processing by BooksController#new as HTML
  Rendering layout layouts/application.html.erb
  Rendering books/new.erb within layouts/application
  Rendered books/new.erb within layouts/application (Duration: 0.5ms | Allocations: 102)
  Rendered layout layouts/application.html.erb (Duration: 5.4ms | Allocations: 1628)
Completed 200 OK in 8ms (Views: 7.2ms | Allocations: 2402)


Started GET "/books/new" for ::1 at 2022-12-16 07:07:34 -0500
Processing by BooksController#new as HTML
  Rendering layout layouts/application.html.erb
  Rendering books/new.html.erb within layouts/application
  Rendered books/new.html.erb within layouts/application (Duration: 0.5ms | Allocations: 111)
  Rendered layout layouts/application.html.erb (Duration: 3.9ms | Allocations: 1626)
Completed 200 OK in 6ms (Views: 5.9ms | Allocations: 2310)


Started POST "/books" for ::1 at 2022-12-16 07:07:39 -0500
Processing by BooksController#create as HTML
No template found for BooksController#create, rendering head :no_content
Completed 204 No Content in 1ms (Allocations: 227)


Started POST "/books" for ::1 at 2022-12-16 07:07:40 -0500
Processing by BooksController#create as HTML
No template found for BooksController#create, rendering head :no_content
Completed 204 No Content in 0ms (Allocations: 72)


Started POST "/books" for ::1 at 2022-12-16 07:07:41 -0500
Processing by BooksController#create as HTML
No template found for BooksController#create, rendering head :no_content
Completed 204 No Content in 1ms (Allocations: 71)


Started POST "/books" for ::1 at 2022-12-16 07:07:41 -0500
Processing by BooksController#create as HTML
No template found for BooksController#create, rendering head :no_content
Completed 204 No Content in 0ms (Allocations: 71)


Started POST "/books" for ::1 at 2022-12-16 07:08:04 -0500
Processing by BooksController#create as HTML
No template found for BooksController#create, rendering head :no_content
Completed 204 No Content in 0ms (Allocations: 71)


Started POST "/books" for ::1 at 2022-12-16 07:08:04 -0500
Processing by BooksController#create as HTML
No template found for BooksController#create, rendering head :no_content
Completed 204 No Content in 0ms (Allocations: 71)


Started POST "/books" for ::1 at 2022-12-16 07:08:05 -0500
Processing by BooksController#create as HTML
No template found for BooksController#create, rendering head :no_content
Completed 204 No Content in 0ms (Allocations: 71)


Started POST "/books" for ::1 at 2022-12-16 07:08:05 -0500
Processing by BooksController#create as HTML
No template found for BooksController#create, rendering head :no_content
Completed 204 No Content in 0ms (Allocations: 71)


Started POST "/books" for ::1 at 2022-12-16 07:08:05 -0500
Processing by BooksController#create as HTML
No template found for BooksController#create, rendering head :no_content
Completed 204 No Content in 0ms (Allocations: 71)


Started POST "/books" for ::1 at 2022-12-16 07:08:05 -0500
Processing by BooksController#create as HTML
No template found for BooksController#create, rendering head :no_content
Completed 204 No Content in 0ms (Allocations: 71)


Started POST "/books" for ::1 at 2022-12-16 07:08:06 -0500
Processing by BooksController#create as HTML
No template found for BooksController#create, rendering head :no_content
Completed 204 No Content in 1ms (Allocations: 71)


Started POST "/books" for ::1 at 2022-12-16 07:08:06 -0500
Processing by BooksController#create as HTML
No template found for BooksController#create, rendering head :no_content
Completed 204 No Content in 0ms (Allocations: 71)


Started POST "/books" for ::1 at 2022-12-16 07:08:06 -0500
Processing by BooksController#create as HTML
No template found for BooksController#create, rendering head :no_content
Completed 204 No Content in 0ms (Allocations: 71)


Started POST "/books" for ::1 at 2022-12-16 07:08:06 -0500
Processing by BooksController#create as HTML
No template found for BooksController#create, rendering head :no_content
Completed 204 No Content in 0ms (Allocations: 71)


Started POST "/books" for ::1 at 2022-12-16 07:08:07 -0500
Processing by BooksController#create as HTML
No template found for BooksController#create, rendering head :no_content
Completed 204 No Content in 0ms (Allocations: 71)


Started POST "/books" for ::1 at 2022-12-16 07:08:07 -0500
Processing by BooksController#create as HTML
No template found for BooksController#create, rendering head :no_content
Completed 204 No Content in 0ms (Allocations: 71)


Started POST "/books" for ::1 at 2022-12-16 07:08:07 -0500
Processing by BooksController#create as HTML
No template found for BooksController#create, rendering head :no_content
Completed 204 No Content in 0ms (Allocations: 71)


Started POST "/books" for ::1 at 2022-12-16 07:10:30 -0500
Processing by BooksController#create as HTML
No template found for BooksController#create, rendering head :no_content
Completed 204 No Content in 1ms (Allocations: 210)


Started POST "/books" for ::1 at 2022-12-16 07:10:30 -0500
Processing by BooksController#create as HTML
No template found for BooksController#create, rendering head :no_content
Completed 204 No Content in 0ms (Allocations: 71)


Started POST "/books" for ::1 at 2022-12-16 07:10:30 -0500
Processing by BooksController#create as HTML
No template found for BooksController#create, rendering head :no_content
Completed 204 No Content in 0ms (Allocations: 71)


Started POST "/books" for ::1 at 2022-12-16 07:10:31 -0500
Processing by BooksController#create as HTML
No template found for BooksController#create, rendering head :no_content
Completed 204 No Content in 0ms (Allocations: 71)


Started POST "/books" for ::1 at 2022-12-16 07:10:31 -0500
Processing by BooksController#create as HTML
No template found for BooksController#create, rendering head :no_content
Completed 204 No Content in 1ms (Allocations: 71)


Started POST "/books" for ::1 at 2022-12-16 07:10:31 -0500
Processing by BooksController#create as HTML
No template found for BooksController#create, rendering head :no_content
Completed 204 No Content in 0ms (Allocations: 71)


Started POST "/books" for ::1 at 2022-12-16 07:10:32 -0500
Processing by BooksController#create as HTML
No template found for BooksController#create, rendering head :no_content
Completed 204 No Content in 0ms (Allocations: 71)


Started GET "/books/new" for ::1 at 2022-12-16 07:10:33 -0500
Processing by BooksController#new as HTML
  Rendering layout layouts/application.html.erb
  Rendering books/new.html.erb within layouts/application
  Rendered books/new.html.erb within layouts/application (Duration: 0.5ms | Allocations: 152)
  Rendered layout layouts/application.html.erb (Duration: 3.1ms | Allocations: 1646)
Completed 200 OK in 5ms (Views: 5.0ms | Allocations: 2288)


Started GET "/books/new" for ::1 at 2022-12-16 07:11:52 -0500
Processing by BooksController#new as HTML
  Rendering layout layouts/application.html.erb
  Rendering books/new.html.erb within layouts/application
  Rendered books/new.html.erb within layouts/application (Duration: 0.1ms | Allocations: 12)
  Rendered layout layouts/application.html.erb (Duration: 2.8ms | Allocations: 1378)
Completed 200 OK in 4ms (Views: 4.0ms | Allocations: 1888)


Started GET "/books/new" for ::1 at 2022-12-16 07:11:54 -0500
Processing by BooksController#new as HTML
  Rendering layout layouts/application.html.erb
  Rendering books/new.html.erb within layouts/application
  Rendered books/new.html.erb within layouts/application (Duration: 0.0ms | Allocations: 7)
  Rendered layout layouts/application.html.erb (Duration: 2.4ms | Allocations: 1098)
Completed 200 OK in 3ms (Views: 3.0ms | Allocations: 1300)


Started GET "/books/new" for ::1 at 2022-12-16 07:11:54 -0500
Processing by BooksController#new as HTML
  Rendering layout layouts/application.html.erb
  Rendering books/new.html.erb within layouts/application
  Rendered books/new.html.erb within layouts/application (Duration: 0.1ms | Allocations: 7)
  Rendered layout layouts/application.html.erb (Duration: 2.6ms | Allocations: 1119)
Completed 200 OK in 3ms (Views: 3.3ms | Allocations: 1305)


Started GET "/books/new" for ::1 at 2022-12-16 07:11:55 -0500
Processing by BooksController#new as HTML
  Rendering layout layouts/application.html.erb
  Rendering books/new.html.erb within layouts/application
  Rendered books/new.html.erb within layouts/application (Duration: 0.1ms | Allocations: 7)
  Rendered layout layouts/application.html.erb (Duration: 1.8ms | Allocations: 1101)
Completed 200 OK in 2ms (Views: 2.3ms | Allocations: 1287)


Started GET "/books/new" for ::1 at 2022-12-16 07:11:55 -0500
Processing by BooksController#new as HTML
  Rendering layout layouts/application.html.erb
  Rendering books/new.html.erb within layouts/application
  Rendered books/new.html.erb within layouts/application (Duration: 0.0ms | Allocations: 7)
  Rendered layout layouts/application.html.erb (Duration: 1.6ms | Allocations: 1122)
Completed 200 OK in 2ms (Views: 2.2ms | Allocations: 1309)


Started GET "/books/new" for ::1 at 2022-12-16 07:11:55 -0500
Processing by BooksController#new as HTML
  Rendering layout layouts/application.html.erb
  Rendering books/new.html.erb within layouts/application
  Rendered books/new.html.erb within layouts/application (Duration: 0.1ms | Allocations: 7)
  Rendered layout layouts/application.html.erb (Duration: 1.9ms | Allocations: 1110)
Completed 200 OK in 3ms (Views: 2.5ms | Allocations: 1296)


Started GET "/books/new" for ::1 at 2022-12-16 07:11:56 -0500
Processing by BooksController#new as HTML
  Rendering layout layouts/application.html.erb
  Rendering books/new.html.erb within layouts/application
  Rendered books/new.html.erb within layouts/application (Duration: 0.0ms | Allocations: 7)
  Rendered layout layouts/application.html.erb (Duration: 1.7ms | Allocations: 1140)
Completed 200 OK in 2ms (Views: 2.2ms | Allocations: 1326)


Started GET "/books/new" for ::1 at 2022-12-16 07:11:56 -0500
Processing by BooksController#new as HTML
  Rendering layout layouts/application.html.erb
  Rendering books/new.html.erb within layouts/application
  Rendered books/new.html.erb within layouts/application (Duration: 0.1ms | Allocations: 7)
  Rendered layout layouts/application.html.erb (Duration: 1.8ms | Allocations: 1122)
Completed 200 OK in 2ms (Views: 2.3ms | Allocations: 1308)


Started GET "/books/new" for ::1 at 2022-12-16 07:11:56 -0500
Processing by BooksController#new as HTML
  Rendering layout layouts/application.html.erb
  Rendering books/new.html.erb within layouts/application
  Rendered books/new.html.erb within layouts/application (Duration: 0.0ms | Allocations: 7)
  Rendered layout layouts/application.html.erb (Duration: 1.8ms | Allocations: 1110)
Completed 200 OK in 2ms (Views: 2.2ms | Allocations: 1296)


Started GET "/books/new" for ::1 at 2022-12-16 07:13:28 -0500
  [1m[36mActiveRecord::SchemaMigration Pluck (0.8ms)[0m  [1m[34mSELECT "schema_migrations"."version" FROM "schema_migrations" ORDER BY "schema_migrations"."version" ASC[0m
Processing by BooksController#new as HTML
  Rendering layout layouts/application.html.erb
  Rendering books/new.html.erb within layouts/application
  Rendered books/new.html.erb within layouts/application (Duration: 0.7ms | Allocations: 385)
  Rendered layout layouts/application.html.erb (Duration: 7.2ms | Allocations: 3894)
Completed 200 OK in 11ms (Views: 11.0ms | ActiveRecord: 0.0ms | Allocations: 6182)


Started POST "/books" for ::1 at 2022-12-16 07:13:35 -0500
Processing by BooksController#create as HTML
Completed 200 OK in 0ms (Views: 0.1ms | ActiveRecord: 0.0ms | Allocations: 108)


Started POST "/books" for ::1 at 2022-12-16 07:15:11 -0500
Processing by BooksController#create as HTML
Completed 200 OK in 1ms (Views: 0.2ms | ActiveRecord: 0.0ms | Allocations: 65)


Started POST "/books" for ::1 at 2022-12-16 07:15:16 -0500
Processing by BooksController#create as HTML
Completed 200 OK in 0ms (Views: 0.1ms | ActiveRecord: 0.0ms | Allocations: 65)


Started GET "/books/" for ::1 at 2022-12-16 07:15:55 -0500
Processing by BooksController#index as HTML
  Rendering layout layouts/application.html.erb
  Rendering books/index.html.erb within layouts/application
  [1m[36mBook Load (1.0ms)[0m  [1m[34mSELECT "books".* FROM "books"[0m
  ↳ app/views/books/index.html.erb:3
  Rendered books/index.html.erb within layouts/application (Duration: 19.8ms | Allocations: 6632)
  Rendered layout layouts/application.html.erb (Duration: 23.0ms | Allocations: 8169)
Completed 200 OK in 29ms (Views: 19.5ms | ActiveRecord: 5.7ms | Allocations: 9544)


Started GET "/books/new" for ::1 at 2022-12-16 07:16:05 -0500
Processing by BooksController#new as HTML
  Rendering layout layouts/application.html.erb
  Rendering books/new.html.erb within layouts/application
  Rendered books/new.html.erb within layouts/application (Duration: 0.5ms | Allocations: 123)
  Rendered layout layouts/application.html.erb (Duration: 2.9ms | Allocations: 1245)
Completed 200 OK in 4ms (Views: 4.1ms | ActiveRecord: 0.0ms | Allocations: 1553)


Started POST "/books" for ::1 at 2022-12-16 07:16:14 -0500
Processing by BooksController#create as HTML
  Parameters: {"title"=>"best book"}
Completed 200 OK in 0ms (Views: 0.1ms | ActiveRecord: 0.0ms | Allocations: 67)


Started POST "/books" for ::1 at 2022-12-16 07:23:59 -0500
Processing by BooksController#create as HTML
  Parameters: {"title"=>"best book"}
Completed 200 OK in 1ms (Views: 0.3ms | Allocations: 61)


Started GET "/books/new" for ::1 at 2022-12-16 07:24:02 -0500
Processing by BooksController#new as HTML
  Rendering layout layouts/application.html.erb
  Rendering books/new.html.erb within layouts/application
  Rendered books/new.html.erb within layouts/application (Duration: 0.5ms | Allocations: 165)
  Rendered layout layouts/application.html.erb (Duration: 4.4ms | Allocations: 1666)
Completed 200 OK in 7ms (Views: 6.8ms | Allocations: 2333)


Started POST "/books" for ::1 at 2022-12-16 07:24:35 -0500
Processing by BooksController#create as HTML
  Parameters: {"title"=>"book", "author"=>"writer", "year"=>"2020", "description"=>"this book be goo in shi"}
Completed 200 OK in 0ms (Views: 0.2ms | Allocations: 76)


Started GET "/new" for ::1 at 2022-12-16 07:26:34 -0500
  
ActionController::RoutingError (No route matches [GET] "/new"):
  
Started GET "/books/new" for ::1 at 2022-12-16 07:26:43 -0500
Processing by BooksController#new as HTML
  Rendering layout layouts/application.html.erb
  Rendering books/new.html.erb within layouts/application
  Rendered books/new.html.erb within layouts/application (Duration: 0.5ms | Allocations: 164)
  Rendered layout layouts/application.html.erb (Duration: 4.2ms | Allocations: 1676)
Completed 200 OK in 6ms (Views: 5.9ms | Allocations: 2326)


Started POST "/books" for ::1 at 2022-12-16 07:26:55 -0500
Processing by BooksController#create as HTML
  Parameters: {"book"=>{"title"=>"herll", "author"=>"hjhj", "year}"=>"7917"}, "description"=>"this stuff"}
Completed 200 OK in 0ms (Views: 0.2ms | Allocations: 76)


Started GET "/" for ::1 at 2022-12-16 07:32:54 -0500
Processing by Rails::WelcomeController#index as HTML
  Rendering /home/elpopes/.rbenv/versions/3.1.1/lib/ruby/gems/3.1.0/gems/railties-7.0.4/lib/rails/templates/rails/welcome/index.html.erb
  Rendered /home/elpopes/.rbenv/versions/3.1.1/lib/ruby/gems/3.1.0/gems/railties-7.0.4/lib/rails/templates/rails/welcome/index.html.erb (Duration: 1.0ms | Allocations: 286)
Completed 200 OK in 3ms (Views: 2.0ms | Allocations: 1054)


Started GET "/books" for ::1 at 2022-12-16 07:33:14 -0500
Processing by BooksController#index as HTML
  Rendering layout layouts/application.html.erb
  Rendering books/index.html.erb within layouts/application
  [1m[36mBook Load (0.8ms)[0m  [1m[34mSELECT "books".* FROM "books"[0m
  ↳ app/views/books/index.html.erb:3
  Rendered books/index.html.erb within layouts/application (Duration: 17.5ms | Allocations: 3789)
  Rendered layout layouts/application.html.erb (Duration: 20.8ms | Allocations: 5304)
Completed 200 OK in 24ms (Views: 23.0ms | ActiveRecord: 6.7ms | Allocations: 6002)


Started GET "/books/new" for ::1 at 2022-12-16 07:33:22 -0500
Processing by BooksController#new as HTML
  Rendering layout layouts/application.html.erb
  Rendering books/new.html.erb within layouts/application
  Rendered books/new.html.erb within layouts/application (Duration: 0.5ms | Allocations: 136)
  Rendered layout layouts/application.html.erb (Duration: 2.5ms | Allocations: 1241)
Completed 200 OK in 4ms (Views: 4.1ms | ActiveRecord: 0.0ms | Allocations: 1502)


Started GET "/books/new" for ::1 at 2022-12-16 08:51:37 -0500
Processing by BooksController#new as HTML
  Rendering layout layouts/application.html.erb
  Rendering books/new.html.erb within layouts/application
  Rendered books/new.html.erb within layouts/application (Duration: 1.8ms | Allocations: 169)
  Rendered layout layouts/application.html.erb (Duration: 12.5ms | Allocations: 3324)
Completed 500 Internal Server Error in 17ms (Allocations: 4003)



Sprockets::Rails::Helper::AssetNotFound - The asset "application.css" is not present in the asset pipeline.:
  app/views/layouts/application.html.erb:9
  app/controllers/books_controller.rb:17:in `new'

Started POST "/__better_errors/88df2107822f97a2/variables" for ::1 at 2022-12-16 08:51:37 -0500
Started GET "/books/new" for ::1 at 2022-12-16 08:54:17 -0500
Processing by BooksController#new as HTML
  Rendering layout layouts/application.html.erb
  Rendering books/new.html.erb within layouts/application
  Rendered books/new.html.erb within layouts/application (Duration: 0.4ms | Allocations: 169)
  Rendered layout layouts/application.html.erb (Duration: 12.9ms | Allocations: 2548)
Completed 500 Internal Server Error in 14ms (Allocations: 3218)



Sprockets::Rails::Helper::AssetNotFound - The asset "application.css" is not present in the asset pipeline.:
  app/views/layouts/application.html.erb:9
  app/controllers/books_controller.rb:17:in `new'

Started POST "/__better_errors/6306c26c13ec7fc3/variables" for ::1 at 2022-12-16 08:54:17 -0500
Started GET "/books/new" for ::1 at 2022-12-16 08:54:18 -0500
Processing by BooksController#new as HTML
  Rendering layout layouts/application.html.erb
  Rendering books/new.html.erb within layouts/application
  Rendered books/new.html.erb within layouts/application (Duration: 0.1ms | Allocations: 9)
  Rendered layout layouts/application.html.erb (Duration: 1.7ms | Allocations: 2181)
Completed 500 Internal Server Error in 2ms (Allocations: 2403)



Sprockets::Rails::Helper::AssetNotFound - The asset "application.css" is not present in the asset pipeline.:
  app/views/layouts/application.html.erb:9
  app/controllers/books_controller.rb:17:in `new'

Started POST "/__better_errors/7d6057cda1bbe605/variables" for ::1 at 2022-12-16 08:54:18 -0500
  [1m[36mActiveRecord::SchemaMigration Pluck (0.7ms)[0m  [1m[34mSELECT "schema_migrations"."version" FROM "schema_migrations" ORDER BY "schema_migrations"."version" ASC[0m
  [1m[36mActiveRecord::InternalMetadata Pluck (0.7ms)[0m  [1m[34mSELECT "ar_internal_metadata"."value" FROM "ar_internal_metadata" WHERE "ar_internal_metadata"."key" = $1 LIMIT $2[0m  [["key", "environment"], ["LIMIT", 1]]
  [1m[36mActiveRecord::SchemaMigration Pluck (0.3ms)[0m  [1m[34mSELECT "schema_migrations"."version" FROM "schema_migrations" ORDER BY "schema_migrations"."version" ASC[0m
  [1m[36mActiveRecord::InternalMetadata Pluck (0.3ms)[0m  [1m[34mSELECT "ar_internal_metadata"."value" FROM "ar_internal_metadata" WHERE "ar_internal_metadata"."key" = $1 LIMIT $2[0m  [["key", "environment"], ["LIMIT", 1]]
  [1m[36mActiveRecord::SchemaMigration Pluck (0.3ms)[0m  [1m[34mSELECT "schema_migrations"."version" FROM "schema_migrations" ORDER BY "schema_migrations"."version" ASC[0m
  [1m[36mActiveRecord::InternalMetadata Pluck (0.3ms)[0m  [1m[34mSELECT "ar_internal_metadata"."value" FROM "ar_internal_metadata" WHERE "ar_internal_metadata"."key" = $1 LIMIT $2[0m  [["key", "environment"], ["LIMIT", 1]]
  [1m[35m (151.5ms)[0m  [1m[35mDROP DATABASE IF EXISTS "library_development"[0m
  [1m[35m (124.7ms)[0m  [1m[35mDROP DATABASE IF EXISTS "library_test"[0m
  [1m[35m (1386.4ms)[0m  [1m[35mCREATE DATABASE "library_development" ENCODING = 'unicode'[0m
  [1m[35m (1295.1ms)[0m  [1m[35mCREATE DATABASE "library_test" ENCODING = 'unicode'[0m
  [1m[35mSQL (0.9ms)[0m  [1m[35mCREATE EXTENSION IF NOT EXISTS "plpgsql"[0m
  [1m[35m (0.5ms)[0m  [1m[35mDROP TABLE IF EXISTS "books" CASCADE[0m
  [1m[35m (30.6ms)[0m  [1m[35mCREATE TABLE "books" ("id" bigserial primary key, "title" character varying NOT NULL, "author" character varying NOT NULL, "year" integer, "category" character varying, "description" text, "created_at" timestamp(6) NOT NULL, "updated_at" timestamp(6) NOT NULL)[0m
  [1m[35m (20.6ms)[0m  [1m[35mCREATE TABLE "schema_migrations" ("version" character varying NOT NULL PRIMARY KEY)[0m
  [1m[36mActiveRecord::SchemaMigration Pluck (0.6ms)[0m  [1m[34mSELECT "schema_migrations"."version" FROM "schema_migrations" ORDER BY "schema_migrations"."version" ASC[0m
  [1m[35m (4.6ms)[0m  [1m[32mINSERT INTO "schema_migrations" (version) VALUES (20221216031112)[0m
  [1m[35m (21.6ms)[0m  [1m[35mCREATE TABLE "ar_internal_metadata" ("key" character varying NOT NULL PRIMARY KEY, "value" character varying, "created_at" timestamp(6) NOT NULL, "updated_at" timestamp(6) NOT NULL)[0m
  [1m[36mActiveRecord::InternalMetadata Load (0.6ms)[0m  [1m[34mSELECT "ar_internal_metadata".* FROM "ar_internal_metadata" WHERE "ar_internal_metadata"."key" = $1 LIMIT $2[0m  [["key", "environment"], ["LIMIT", 1]]
  [1m[36mTRANSACTION (0.3ms)[0m  [1m[35mBEGIN[0m
  [1m[36mActiveRecord::InternalMetadata Create (1.1ms)[0m  [1m[32mINSERT INTO "ar_internal_metadata" ("key", "value", "created_at", "updated_at") VALUES ($1, $2, $3, $4) RETURNING "key"[0m  [["key", "environment"], ["value", "development"], ["created_at", "2022-12-16 15:28:49.828109"], ["updated_at", "2022-12-16 15:28:49.828109"]]
  [1m[36mTRANSACTION (4.7ms)[0m  [1m[35mCOMMIT[0m
  [1m[36mActiveRecord::InternalMetadata Load (0.4ms)[0m  [1m[34mSELECT "ar_internal_metadata".* FROM "ar_internal_metadata" WHERE "ar_internal_metadata"."key" = $1 LIMIT $2[0m  [["key", "environment"], ["LIMIT", 1]]
  [1m[36mActiveRecord::InternalMetadata Load (0.4ms)[0m  [1m[34mSELECT "ar_internal_metadata".* FROM "ar_internal_metadata" WHERE "ar_internal_metadata"."key" = $1 LIMIT $2[0m  [["key", "schema_sha1"], ["LIMIT", 1]]
  [1m[36mTRANSACTION (0.2ms)[0m  [1m[35mBEGIN[0m
  [1m[36mActiveRecord::InternalMetadata Create (0.4ms)[0m  [1m[32mINSERT INTO "ar_internal_metadata" ("key", "value", "created_at", "updated_at") VALUES ($1, $2, $3, $4) RETURNING "key"[0m  [["key", "schema_sha1"], ["value", "3e45f7928eef548a5545a2f12999d9fe896b532b"], ["created_at", "2022-12-16 15:28:49.845159"], ["updated_at", "2022-12-16 15:28:49.845159"]]
  [1m[36mTRANSACTION (4.5ms)[0m  [1m[35mCOMMIT[0m
  [1m[35mSQL (0.3ms)[0m  [1m[35mCREATE EXTENSION IF NOT EXISTS "plpgsql"[0m
  [1m[35m (0.3ms)[0m  [1m[35mDROP TABLE IF EXISTS "books" CASCADE[0m
  [1m[35m (28.7ms)[0m  [1m[35mCREATE TABLE "books" ("id" bigserial primary key, "title" character varying NOT NULL, "author" character varying NOT NULL, "year" integer, "category" character varying, "description" text, "created_at" timestamp(6) NOT NULL, "updated_at" timestamp(6) NOT NULL)[0m
  [1m[35m (23.7ms)[0m  [1m[35mCREATE TABLE "schema_migrations" ("version" character varying NOT NULL PRIMARY KEY)[0m
  [1m[36mActiveRecord::SchemaMigration Pluck (0.6ms)[0m  [1m[34mSELECT "schema_migrations"."version" FROM "schema_migrations" ORDER BY "schema_migrations"."version" ASC[0m
  [1m[35m (4.7ms)[0m  [1m[32mINSERT INTO "schema_migrations" (version) VALUES (20221216031112)[0m
  [1m[35m (26.9ms)[0m  [1m[35mCREATE TABLE "ar_internal_metadata" ("key" character varying NOT NULL PRIMARY KEY, "value" character varying, "created_at" timestamp(6) NOT NULL, "updated_at" timestamp(6) NOT NULL)[0m
  [1m[36mActiveRecord::InternalMetadata Load (1.0ms)[0m  [1m[34mSELECT "ar_internal_metadata".* FROM "ar_internal_metadata" WHERE "ar_internal_metadata"."key" = $1 LIMIT $2[0m  [["key", "environment"], ["LIMIT", 1]]
  [1m[36mTRANSACTION (0.5ms)[0m  [1m[35mBEGIN[0m
  [1m[36mActiveRecord::InternalMetadata Create (1.7ms)[0m  [1m[32mINSERT INTO "ar_internal_metadata" ("key", "value", "created_at", "updated_at") VALUES ($1, $2, $3, $4) RETURNING "key"[0m  [["key", "environment"], ["value", "development"], ["created_at", "2022-12-16 15:28:49.975623"], ["updated_at", "2022-12-16 15:28:49.975623"]]
  [1m[36mTRANSACTION (5.4ms)[0m  [1m[35mCOMMIT[0m
  [1m[36mActiveRecord::InternalMetadata Load (0.7ms)[0m  [1m[34mSELECT "ar_internal_metadata".* FROM "ar_internal_metadata" WHERE "ar_internal_metadata"."key" = $1 LIMIT $2[0m  [["key", "environment"], ["LIMIT", 1]]
  [1m[36mTRANSACTION (0.6ms)[0m  [1m[35mBEGIN[0m
  [1m[36mActiveRecord::InternalMetadata Update (1.1ms)[0m  [1m[33mUPDATE "ar_internal_metadata" SET "value" = $1, "updated_at" = $2 WHERE "ar_internal_metadata"."key" = $3[0m  [["value", "test"], ["updated_at", "2022-12-16 15:28:49.995330"], ["key", "environment"]]
  [1m[36mTRANSACTION (5.1ms)[0m  [1m[35mCOMMIT[0m
  [1m[36mActiveRecord::InternalMetadata Load (0.6ms)[0m  [1m[34mSELECT "ar_internal_metadata".* FROM "ar_internal_metadata" WHERE "ar_internal_metadata"."key" = $1 LIMIT $2[0m  [["key", "schema_sha1"], ["LIMIT", 1]]
  [1m[36mTRANSACTION (0.4ms)[0m  [1m[35mBEGIN[0m
  [1m[36mActiveRecord::InternalMetadata Create (0.5ms)[0m  [1m[32mINSERT INTO "ar_internal_metadata" ("key", "value", "created_at", "updated_at") VALUES ($1, $2, $3, $4) RETURNING "key"[0m  [["key", "schema_sha1"], ["value", "3e45f7928eef548a5545a2f12999d9fe896b532b"], ["created_at", "2022-12-16 15:28:50.011430"], ["updated_at", "2022-12-16 15:28:50.011430"]]
  [1m[36mTRANSACTION (4.5ms)[0m  [1m[35mCOMMIT[0m
  [1m[36mActiveRecord::SchemaMigration Pluck (0.6ms)[0m  [1m[34mSELECT "schema_migrations"."version" FROM "schema_migrations" ORDER BY "schema_migrations"."version" ASC[0m
  [1m[36mTRANSACTION (0.2ms)[0m  [1m[35mBEGIN[0m
  [1m[36mBook Load (0.4ms)[0m  [1m[34mSELECT "books".* FROM "books"[0m
  [1m[36mBook Create (0.4ms)[0m  [1m[32mINSERT INTO "books" ("title", "author", "year", "category", "description", "created_at", "updated_at") VALUES ($1, $2, $3, $4, $5, $6, $7) RETURNING "id"[0m  [["title", "all_knowing_elliot"], ["author", "C"], ["year", 2011], ["category", nil], ["description", "those_are_teef@aa.io"], ["created_at", "2022-12-16 15:28:50.068790"], ["updated_at", "2022-12-16 15:28:50.068790"]]
  [1m[36mBook Create (0.3ms)[0m  [1m[32mINSERT INTO "books" ("title", "author", "year", "category", "description", "created_at", "updated_at") VALUES ($1, $2, $3, $4, $5, $6, $7) RETURNING "id"[0m  [["title", "will_climb_rocks"], ["author", "JavaScript"], ["year", 2011], ["category", nil], ["description", "boulderz@aa.io"], ["created_at", "2022-12-16 15:28:50.070812"], ["updated_at", "2022-12-16 15:28:50.070812"]]
  [1m[36mBook Create (0.3ms)[0m  [1m[32mINSERT INTO "books" ("title", "author", "year", "category", "description", "created_at", "updated_at") VALUES ($1, $2, $3, $4, $5, $6, $7) RETURNING "id"[0m  [["title", "dean_machine"], ["author", "Ruby"], ["year", 2011], ["category", nil], ["description", "deans_diary@aa.io"], ["created_at", "2022-12-16 15:28:50.072145"], ["updated_at", "2022-12-16 15:28:50.072145"]]
  [1m[36mBook Create (0.3ms)[0m  [1m[32mINSERT INTO "books" ("title", "author", "year", "category", "description", "created_at", "updated_at") VALUES ($1, $2, $3, $4, $5, $6, $7) RETURNING "id"[0m  [["title", "loves_capy"], ["author", "JavaScript"], ["year", 2011], ["category", nil], ["description", "chosenone@aa.io"], ["created_at", "2022-12-16 15:28:50.073511"], ["updated_at", "2022-12-16 15:28:50.073511"]]
  [1m[36mBook Create (0.3ms)[0m  [1m[32mINSERT INTO "books" ("title", "author", "year", "category", "description", "created_at", "updated_at") VALUES ($1, $2, $3, $4, $5, $6, $7) RETURNING "id"[0m  [["title", "charlos_gets_buckets"], ["author", "Ruby"], ["year", 2011], ["category", nil], ["description", "ballin@aa.io"], ["created_at", "2022-12-16 15:28:50.075218"], ["updated_at", "2022-12-16 15:28:50.075218"]]
  [1m[36mBook Create (0.3ms)[0m  [1m[32mINSERT INTO "books" ("title", "author", "year", "category", "description", "created_at", "updated_at") VALUES ($1, $2, $3, $4, $5, $6, $7) RETURNING "id"[0m  [["title", "cow_luva"], ["author", "JavaScript"], ["year", 2011], ["category", nil], ["description", "cows@aa.io"], ["created_at", "2022-12-16 15:28:50.076698"], ["updated_at", "2022-12-16 15:28:50.076698"]]
  [1m[36mBook Create (0.3ms)[0m  [1m[32mINSERT INTO "books" ("title", "author", "year", "category", "description", "created_at", "updated_at") VALUES ($1, $2, $3, $4, $5, $6, $7) RETURNING "id"[0m  [["title", "trader_joes_4lyf3"], ["author", "Ruby"], ["year", 2011], ["category", nil], ["description", "thetraderjoe@aa.io"], ["created_at", "2022-12-16 15:28:50.078225"], ["updated_at", "2022-12-16 15:28:50.078225"]]
  [1m[36mBook Create (0.3ms)[0m  [1m[32mINSERT INTO "books" ("title", "author", "year", "category", "description", "created_at", "updated_at") VALUES ($1, $2, $3, $4, $5, $6, $7) RETURNING "id"[0m  [["title", "wakka_wakka"], ["author", "JavaScript"], ["year", 2011], ["category", nil], ["description", "wakka@wakka.walking"], ["created_at", "2022-12-16 15:28:50.079572"], ["updated_at", "2022-12-16 15:28:50.079572"]]
  [1m[36mBook Create (0.3ms)[0m  [1m[32mINSERT INTO "books" ("title", "author", "year", "category", "description", "created_at", "updated_at") VALUES ($1, $2, $3, $4, $5, $6, $7) RETURNING "id"[0m  [["title", "like_mike"], ["author", "Ruby"], ["year", 2011], ["category", nil], ["description", "mike@aa.io"], ["created_at", "2022-12-16 15:28:50.081090"], ["updated_at", "2022-12-16 15:28:50.081090"]]
  [1m[36mBook Create (0.3ms)[0m  [1m[32mINSERT INTO "books" ("title", "author", "year", "category", "description", "created_at", "updated_at") VALUES ($1, $2, $3, $4, $5, $6, $7) RETURNING "id"[0m  [["title", "michelle_bell"], ["author", "JavaScript"], ["year", 2011], ["category", nil], ["description", "michelle@aa.io"], ["created_at", "2022-12-16 15:28:50.082422"], ["updated_at", "2022-12-16 15:28:50.082422"]]
  [1m[36mBook Create (0.3ms)[0m  [1m[32mINSERT INTO "books" ("title", "author", "year", "category", "description", "created_at", "updated_at") VALUES ($1, $2, $3, $4, $5, $6, $7) RETURNING "id"[0m  [["title", "the_vanessa"], ["author", "Ruby"], ["year", 2011], ["category", nil], ["description", "vanessa@aa.io"], ["created_at", "2022-12-16 15:28:50.083775"], ["updated_at", "2022-12-16 15:28:50.083775"]]
  [1m[36mBook Create (0.3ms)[0m  [1m[32mINSERT INTO "books" ("title", "author", "year", "category", "description", "created_at", "updated_at") VALUES ($1, $2, $3, $4, $5, $6, $7) RETURNING "id"[0m  [["title", "jen_ken_intensifies"], ["author", "JavaScript"], ["year", 2011], ["category", nil], ["description", "jen@aa.io"], ["created_at", "2022-12-16 15:28:50.085033"], ["updated_at", "2022-12-16 15:28:50.085033"]]
  [1m[36mBook Create (0.3ms)[0m  [1m[32mINSERT INTO "books" ("title", "author", "year", "category", "description", "created_at", "updated_at") VALUES ($1, $2, $3, $4, $5, $6, $7) RETURNING "id"[0m  [["title", "instructors_rock"], ["author", "Instructors"], ["year", 52], ["category", nil], ["description", "giveus@money.now"], ["created_at", "2022-12-16 15:28:50.086377"], ["updated_at", "2022-12-16 15:28:50.086377"]]
  [1m[36mTRANSACTION (4.5ms)[0m  [1m[35mCOMMIT[0m
